<?xml version="1.0" encoding="UTF-8"?>
<!-- Generated by org.testng.reporters.JUnitXMLReporter -->
<testsuite ignored="0" hostname="DESKTOP-LOJ32VN" failures="1" tests="3" name="errorValidation" time="17.098" errors="0" timestamp="2022-09-23T17:16:07 IST">
  <testcase classname="boseTest.seleniumTest.errorValidation" name="cartError" time="2.165"/>
  <testcase classname="boseTest.seleniumTest.errorValidation" name="loginError" time="0.761">
    <skipped/>
  </testcase> <!-- loginError -->
  <testcase classname="boseTest.seleniumTest.errorValidation" name="loginError" time="0.741">
    <failure type="java.lang.AssertionError" message="expected [Incorrect email or password.] but found [Incorrect email  password.]">
      <![CDATA[java.lang.AssertionError: expected [Incorrect email or password.] but found [Incorrect email  password.]
at boseTest.seleniumTest.errorValidation.loginError(errorValidation.java:19)
at java.base/java.util.ArrayList.forEach(ArrayList.java:1511)
... Removed 31 stack frames]]>
    </failure>
  </testcase> <!-- loginError -->
</testsuite> <!-- errorValidation -->
